# JRE version: OpenJDK Runtime Environment Temurin-17.0.11+9 (17.0.11+9) (build 17.0.11+9)
# Java VM: OpenJDK 64-Bit Server VM Temurin-17.0.11+9 (17.0.11+9, mixed mode, tiered, compressed oops, compressed class ptrs, parallel gc, windows-amd64)
GC Precious Log:
 CPUs: 4 total, 4 available
 Memory: 6056M
 Large Page Support: Disabled
 NUMA Support: Disabled
 Compressed Oops: Enabled (32-bit)
 Alignments: Space 512K, Generation 512K, Heap 2M
 Heap Min Capacity: 100M
 Heap Initial Capacity: 100M
 Heap Max Capacity: 1G
 Pre-touch: Disabled
 Parallel Workers: 4
Heap:
 PSYoungGen      total 9216K, used 1920K [0x00000000eab00000, 0x00000000eb980000, 0x0000000100000000)
  eden space 7168K, 0% used [0x00000000eab00000,0x00000000eab00000,0x00000000eb200000)
  from space 2048K, 93% used [0x00000000eb780000,0x00000000eb960020,0x00000000eb980000)
  to   space 3072K, 0% used [0x00000000eb380000,0x00000000eb380000,0x00000000eb680000)
 ParOldGen       total 270336K, used 269258K [0x00000000c0000000, 0x00000000d0800000, 0x00000000eab00000)
  object space 270336K, 99% used [0x00000000c0000000,0x00000000d06f2990,0x00000000d0800000)
 Metaspace       used 98911K, committed 100096K, reserved 1179648K
  class space    used 9609K, committed 10112K, reserved 1048576K
GC Heap History (20 events):
Event: 18019.320 GC heap after
{Heap after GC invocations=24794 (full 482):
 PSYoungGen      total 7168K, used 421K [0x00000000eab00000, 0x00000000eb600000, 0x0000000100000000)
  eden space 4608K, 0% used [0x00000000eab00000,0x00000000eab00000,0x00000000eaf80000)
  from space 2560K, 16% used [0x00000000eb180000,0x00000000eb1e95a0,0x00000000eb400000)
  to   space 1024K, 0% used [0x00000000eb500000,0x00000000eb500000,0x00000000eb600000)
 ParOldGen       total 270336K, used 257032K [0x00000000c0000000, 0x00000000d0800000, 0x00000000eab00000)
  object space 270336K, 95% used [0x00000000c0000000,0x00000000cfb02330,0x00000000d0800000)
 Metaspace       used 98911K, committed 100096K, reserved 1179648K
  class space    used 9609K, committed 10112K, reserved 1048576K
}
Event: 18020.653 GC heap before
{Heap before GC invocations=24795 (full 482):
 PSYoungGen      total 7168K, used 5029K [0x00000000eab00000, 0x00000000eb600000, 0x0000000100000000)
  eden space 4608K, 100% used [0x00000000eab00000,0x00000000eaf80000,0x00000000eaf80000)
  from space 2560K, 16% used [0x00000000eb180000,0x00000000eb1e95a0,0x00000000eb400000)
  to   space 1024K, 0% used [0x00000000eb500000,0x00000000eb500000,0x00000000eb600000)
 ParOldGen       total 270336K, used 257032K [0x00000000c0000000, 0x00000000d0800000, 0x00000000eab00000)
  object space 270336K, 95% used [0x00000000c0000000,0x00000000cfb02330,0x00000000d0800000)
 Metaspace       used 98911K, committed 100096K, reserved 1179648K
  class space    used 9609K, committed 10112K, reserved 1048576K
}
Event: 18020.663 GC heap after
{Heap after GC invocations=24795 (full 482):
 PSYoungGen      total 5632K, used 624K [0x00000000eab00000, 0x00000000eb600000, 0x0000000100000000)
  eden space 4608K, 0% used [0x00000000eab00000,0x00000000eab00000,0x00000000eaf80000)
  from space 1024K, 60% used [0x00000000eb500000,0x00000000eb59c030,0x00000000eb600000)
  to   space 1024K, 0% used [0x00000000eb400000,0x00000000eb400000,0x00000000eb500000)
 ParOldGen       total 270336K, used 257056K [0x00000000c0000000, 0x00000000d0800000, 0x00000000eab00000)
  object space 270336K, 95% used [0x00000000c0000000,0x00000000cfb08330,0x00000000d0800000)
 Metaspace       used 98911K, committed 100096K, reserved 1179648K
  class space    used 9609K, committed 10112K, reserved 1048576K
}
Event: 18020.905 GC heap before
{Heap before GC invocations=24796 (full 482):
 PSYoungGen      total 5632K, used 5232K [0x00000000eab00000, 0x00000000eb600000, 0x0000000100000000)
  eden space 4608K, 99% used [0x00000000eab00000,0x00000000eaf7ffd8,0x00000000eaf80000)
  from space 1024K, 60% used [0x00000000eb500000,0x00000000eb59c030,0x00000000eb600000)
  to   space 1024K, 0% used [0x00000000eb400000,0x00000000eb400000,0x00000000eb500000)
 ParOldGen       total 270336K, used 257056K [0x00000000c0000000, 0x00000000d0800000, 0x00000000eab00000)
  object space 270336K, 95% used [0x00000000c0000000,0x00000000cfb08330,0x00000000d0800000)
 Metaspace       used 98911K, committed 100096K, reserved 1179648K
  class space    used 9609K, committed 10112K, reserved 1048576K
}
Event: 18020.917 GC heap after
{Heap after GC invocations=24796 (full 482):
 PSYoungGen      total 5632K, used 992K [0x00000000eab00000, 0x00000000eb580000, 0x0000000100000000)
  eden space 4608K, 0% used [0x00000000eab00000,0x00000000eab00000,0x00000000eaf80000)
  from space 1024K, 96% used [0x00000000eb400000,0x00000000eb4f8020,0x00000000eb500000)
  to   space 512K, 0% used [0x00000000eb500000,0x00000000eb500000,0x00000000eb580000)
 ParOldGen       total 270336K, used 257970K [0x00000000c0000000, 0x00000000d0800000, 0x00000000eab00000)
  object space 270336K, 95% used [0x00000000c0000000,0x00000000cfbecab0,0x00000000d0800000)
 Metaspace       used 98911K, committed 100096K, reserved 1179648K
  class space    used 9609K, committed 10112K, reserved 1048576K
}
Event: 18021.100 GC heap before
{Heap before GC invocations=24797 (full 482):
 PSYoungGen      total 5632K, used 5599K [0x00000000eab00000, 0x00000000eb580000, 0x0000000100000000)
  eden space 4608K, 99% used [0x00000000eab00000,0x00000000eaf7ff90,0x00000000eaf80000)
  from space 1024K, 96% used [0x00000000eb400000,0x00000000eb4f8020,0x00000000eb500000)
  to   space 512K, 0% used [0x00000000eb500000,0x00000000eb500000,0x00000000eb580000)
 ParOldGen       total 270336K, used 257970K [0x00000000c0000000, 0x00000000d0800000, 0x00000000eab00000)
  object space 270336K, 95% used [0x00000000c0000000,0x00000000cfbecab0,0x00000000d0800000)
 Metaspace       used 98911K, committed 100096K, reserved 1179648K
  class space    used 9609K, committed 10112K, reserved 1048576K
}
Event: 18021.115 GC heap after
{Heap after GC invocations=24797 (full 482):
 PSYoungGen      total 5120K, used 480K [0x00000000eab00000, 0x00000000eb580000, 0x0000000100000000)
  eden space 4608K, 0% used [0x00000000eab00000,0x00000000eab00000,0x00000000eaf80000)
  from space 512K, 93% used [0x00000000eb500000,0x00000000eb578020,0x00000000eb580000)
  to   space 2560K, 0% used [0x00000000eb080000,0x00000000eb080000,0x00000000eb300000)
 ParOldGen       total 270336K, used 259892K [0x00000000c0000000, 0x00000000d0800000, 0x00000000eab00000)
  object space 270336K, 96% used [0x00000000c0000000,0x00000000cfdcd028,0x00000000d0800000)
 Metaspace       used 98911K, committed 100096K, reserved 1179648K
  class space    used 9609K, committed 10112K, reserved 1048576K
}
Event: 18021.159 GC heap before
{Heap before GC invocations=24798 (full 482):
 PSYoungGen      total 5120K, used 5088K [0x00000000eab00000, 0x00000000eb580000, 0x0000000100000000)
  eden space 4608K, 99% used [0x00000000eab00000,0x00000000eaf7fff8,0x00000000eaf80000)
  from space 512K, 93% used [0x00000000eb500000,0x00000000eb578020,0x00000000eb580000)
  to   space 2560K, 0% used [0x00000000eb080000,0x00000000eb080000,0x00000000eb300000)
 ParOldGen       total 270336K, used 259892K [0x00000000c0000000, 0x00000000d0800000, 0x00000000eab00000)
  object space 270336K, 96% used [0x00000000c0000000,0x00000000cfdcd028,0x00000000d0800000)
 Metaspace       used 98911K, committed 100096K, reserved 1179648K
  class space    used 9609K, committed 10112K, reserved 1048576K
}
Event: 18021.168 GC heap after
{Heap after GC invocations=24798 (full 482):
 PSYoungGen      total 7168K, used 1456K [0x00000000eab00000, 0x00000000eb580000, 0x0000000100000000)
  eden space 4608K, 0% used [0x00000000eab00000,0x00000000eab00000,0x00000000eaf80000)
  from space 2560K, 56% used [0x00000000eb080000,0x00000000eb1ec050,0x00000000eb300000)
  to   space 2048K, 0% used [0x00000000eb380000,0x00000000eb380000,0x00000000eb580000)
 ParOldGen       total 270336K, used 260387K [0x00000000c0000000, 0x00000000d0800000, 0x00000000eab00000)
  object space 270336K, 96% used [0x00000000c0000000,0x00000000cfe48d90,0x00000000d0800000)
 Metaspace       used 98911K, committed 100096K, reserved 1179648K
  class space    used 9609K, committed 10112K, reserved 1048576K
}
Event: 18021.188 GC heap before
{Heap before GC invocations=24799 (full 482):
 PSYoungGen      total 7168K, used 6064K [0x00000000eab00000, 0x00000000eb580000, 0x0000000100000000)
  eden space 4608K, 100% used [0x00000000eab00000,0x00000000eaf80000,0x00000000eaf80000)
  from space 2560K, 56% used [0x00000000eb080000,0x00000000eb1ec050,0x00000000eb300000)
  to   space 2048K, 0% used [0x00000000eb380000,0x00000000eb380000,0x00000000eb580000)
 ParOldGen       total 270336K, used 260387K [0x00000000c0000000, 0x00000000d0800000, 0x00000000eab00000)
  object space 270336K, 96% used [0x00000000c0000000,0x00000000cfe48d90,0x00000000d0800000)
 Metaspace       used 98911K, committed 100096K, reserved 1179648K
  class space    used 9609K, committed 10112K, reserved 1048576K
}
Event: 18021.201 GC heap after
{Heap after GC invocations=24799 (full 482):
 PSYoungGen      total 6656K, used 1568K [0x00000000eab00000, 0x00000000eb580000, 0x0000000100000000)
  eden space 4608K, 0% used [0x00000000eab00000,0x00000000eab00000,0x00000000eaf80000)
  from space 2048K, 76% used [0x00000000eb380000,0x00000000eb508020,0x00000000eb580000)
  to   space 2048K, 0% used [0x00000000eb180000,0x00000000eb180000,0x00000000eb380000)
 ParOldGen       total 270336K, used 261787K [0x00000000c0000000, 0x00000000d0800000, 0x00000000eab00000)
  object space 270336K, 96% used [0x00000000c0000000,0x00000000cffa6e40,0x00000000d0800000)
 Metaspace       used 98911K, committed 100096K, reserved 1179648K
  class space    used 9609K, committed 10112K, reserved 1048576K
}
Event: 18021.224 GC heap before
{Heap before GC invocations=24800 (full 482):
 PSYoungGen      total 6656K, used 6176K [0x00000000eab00000, 0x00000000eb580000, 0x0000000100000000)
  eden space 4608K, 100% used [0x00000000eab00000,0x00000000eaf80000,0x00000000eaf80000)
  from space 2048K, 76% used [0x00000000eb380000,0x00000000eb508020,0x00000000eb580000)
  to   space 2048K, 0% used [0x00000000eb180000,0x00000000eb180000,0x00000000eb380000)
 ParOldGen       total 270336K, used 261787K [0x00000000c0000000, 0x00000000d0800000, 0x00000000eab00000)
  object space 270336K, 96% used [0x00000000c0000000,0x00000000cffa6e40,0x00000000d0800000)
 Metaspace       used 98911K, committed 100096K, reserved 1179648K
  class space    used 9609K, committed 10112K, reserved 1048576K
}
Event: 18021.238 GC heap after
{Heap after GC invocations=24800 (full 482):
 PSYoungGen      total 7168K, used 1296K [0x00000000eab00000, 0x00000000eb400000, 0x0000000100000000)
  eden space 5632K, 0% used [0x00000000eab00000,0x00000000eab00000,0x00000000eb080000)
  from space 1536K, 84% used [0x00000000eb180000,0x00000000eb2c4010,0x00000000eb300000)
  to   space 1024K, 0% used [0x00000000eb300000,0x00000000eb300000,0x00000000eb400000)
 ParOldGen       total 270336K, used 263274K [0x00000000c0000000, 0x00000000d0800000, 0x00000000eab00000)
  object space 270336K, 97% used [0x00000000c0000000,0x00000000d011abc8,0x00000000d0800000)
 Metaspace       used 98911K, committed 100096K, reserved 1179648K
  class space    used 9609K, committed 10112K, reserved 1048576K
}
Event: 18021.335 GC heap before
{Heap before GC invocations=24801 (full 482):
 PSYoungGen      total 7168K, used 6928K [0x00000000eab00000, 0x00000000eb400000, 0x0000000100000000)
  eden space 5632K, 100% used [0x00000000eab00000,0x00000000eb080000,0x00000000eb080000)
  from space 1536K, 84% used [0x00000000eb180000,0x00000000eb2c4010,0x00000000eb300000)
  to   space 1024K, 0% used [0x00000000eb300000,0x00000000eb300000,0x00000000eb400000)
 ParOldGen       total 270336K, used 263274K [0x00000000c0000000, 0x00000000d0800000, 0x00000000eab00000)
  object space 270336K, 97% used [0x00000000c0000000,0x00000000d011abc8,0x00000000d0800000)
 Metaspace       used 98911K, committed 100096K, reserved 1179648K
  class space    used 9609K, committed 10112K, reserved 1048576K
}
Event: 18021.348 GC heap after
{Heap after GC invocations=24801 (full 482):
 PSYoungGen      total 6656K, used 997K [0x00000000eab00000, 0x00000000eb580000, 0x0000000100000000)
  eden space 5632K, 0% used [0x00000000eab00000,0x00000000eab00000,0x00000000eb080000)
  from space 1024K, 97% used [0x00000000eb300000,0x00000000eb3f96f0,0x00000000eb400000)
  to   space 2560K, 0% used [0x00000000eb080000,0x00000000eb080000,0x00000000eb300000)
 ParOldGen       total 270336K, used 264558K [0x00000000c0000000, 0x00000000d0800000, 0x00000000eab00000)
  object space 270336K, 97% used [0x00000000c0000000,0x00000000d025b920,0x00000000d0800000)
 Metaspace       used 98911K, committed 100096K, reserved 1179648K
  class space    used 9609K, committed 10112K, reserved 1048576K
}
Event: 18021.383 GC heap before
{Heap before GC invocations=24802 (full 482):
 PSYoungGen      total 6656K, used 6629K [0x00000000eab00000, 0x00000000eb580000, 0x0000000100000000)
  eden space 5632K, 100% used [0x00000000eab00000,0x00000000eb080000,0x00000000eb080000)
  from space 1024K, 97% used [0x00000000eb300000,0x00000000eb3f96f0,0x00000000eb400000)
  to   space 2560K, 0% used [0x00000000eb080000,0x00000000eb080000,0x00000000eb300000)
 ParOldGen       total 270336K, used 264558K [0x00000000c0000000, 0x00000000d0800000, 0x00000000eab00000)
  object space 270336K, 97% used [0x00000000c0000000,0x00000000d025b920,0x00000000d0800000)
 Metaspace       used 98911K, committed 100096K, reserved 1179648K
  class space    used 9609K, committed 10112K, reserved 1048576K
}
Event: 18021.399 GC heap after
{Heap after GC invocations=24802 (full 482):
 PSYoungGen      total 8192K, used 2544K [0x00000000eab00000, 0x00000000ebd00000, 0x0000000100000000)
  eden space 5632K, 0% used [0x00000000eab00000,0x00000000eab00000,0x00000000eb080000)
  from space 2560K, 99% used [0x00000000eb080000,0x00000000eb2fc010,0x00000000eb300000)
  to   space 5632K, 0% used [0x00000000eb780000,0x00000000eb780000,0x00000000ebd00000)
 ParOldGen       total 270336K, used 266738K [0x00000000c0000000, 0x00000000d0800000, 0x00000000eab00000)
  object space 270336K, 98% used [0x00000000c0000000,0x00000000d047cbb0,0x00000000d0800000)
 Metaspace       used 98911K, committed 100096K, reserved 1179648K
  class space    used 9609K, committed 10112K, reserved 1048576K
}
Event: 18021.449 GC heap before
{Heap before GC invocations=24803 (full 482):
 PSYoungGen      total 8192K, used 8176K [0x00000000eab00000, 0x00000000ebd00000, 0x0000000100000000)
  eden space 5632K, 99% used [0x00000000eab00000,0x00000000eb07fff8,0x00000000eb080000)
  from space 2560K, 99% used [0x00000000eb080000,0x00000000eb2fc010,0x00000000eb300000)
  to   space 5632K, 0% used [0x00000000eb780000,0x00000000eb780000,0x00000000ebd00000)
 ParOldGen       total 270336K, used 266738K [0x00000000c0000000, 0x00000000d0800000, 0x00000000eab00000)
  object space 270336K, 98% used [0x00000000c0000000,0x00000000d047cbb0,0x00000000d0800000)
 Metaspace       used 98911K, committed 100096K, reserved 1179648K
  class space    used 9609K, committed 10112K, reserved 1048576K
}
Event: 18021.470 GC heap after
{Heap after GC invocations=24803 (full 482):
 PSYoungGen      total 9216K, used 1920K [0x00000000eab00000, 0x00000000eb980000, 0x0000000100000000)
  eden space 7168K, 0% used [0x00000000eab00000,0x00000000eab00000,0x00000000eb200000)
  from space 2048K, 93% used [0x00000000eb780000,0x00000000eb960020,0x00000000eb980000)
  to   space 3072K, 0% used [0x00000000eb380000,0x00000000eb380000,0x00000000eb680000)
 ParOldGen       total 270336K, used 269258K [0x00000000c0000000, 0x00000000d0800000, 0x00000000eab00000)
  object space 270336K, 99% used [0x00000000c0000000,0x00000000d06f2990,0x00000000d0800000)
 Metaspace       used 98911K, committed 100096K, reserved 1179648K
  class space    used 9609K, committed 10112K, reserved 1048576K
}
Event: 18021.470 GC heap before
{Heap before GC invocations=24804 (full 483):
 PSYoungGen      total 9216K, used 1920K [0x00000000eab00000, 0x00000000eb980000, 0x0000000100000000)
  eden space 7168K, 0% used [0x00000000eab00000,0x00000000eab00000,0x00000000eb200000)
  from space 2048K, 93% used [0x00000000eb780000,0x00000000eb960020,0x00000000eb980000)
  to   space 3072K, 0% used [0x00000000eb380000,0x00000000eb380000,0x00000000eb680000)
 ParOldGen       total 270336K, used 269258K [0x00000000c0000000, 0x00000000d0800000, 0x00000000eab00000)
  object space 270336K, 99% used [0x00000000c0000000,0x00000000d06f2990,0x00000000d0800000)
 Metaspace       used 98911K, committed 100096K, reserved 1179648K
  class space    used 9609K, committed 10112K, reserved 1048576K
}

